<?xml version="1.0" encoding="UTF-8" ?>
<testsuite errors="0" failures="0" hostname="Macintosh-5" name="test.domain.adddomain.TestAddMasterDomain" tests="2" time="0.65" timestamp="2008-01-08T19:42:01">
  <properties>
[...]
</properties>
  <testcase classname="test.domain.adddomain.TestAddMasterDomain" name="testInValidDomains" time="0.453" />
  <testcase classname="test.domain.adddomain.TestAddMasterDomain" name="testValidDomains" time="0.122" />
  <system-out><![CDATA[]]></system-out>
  <system-err><![CDATA[org.jdbcluster.exception.DomainException: Value: AA4 is not valid for slave domain subSubSubCatCode in Class test.domain.adddomain.AddDomainCluster in Field subSubSubCatCode
	at org.jdbcluster.domain.DomainCheck.ajc$around$org_jdbcluster_domain_DomainCheck$1$33e253d4(DomainCheck.aj:76)
	at test.domain.adddomain.AddDomainCluster.setSubSubSubCatCode(AddDomainCluster.java:63)
	at test.domain.adddomain.AddDomainCluster.setCodes(AddDomainCluster.java:70)
	at test.domain.adddomain.TestAddMasterDomain.testValidDomains(TestAddMasterDomain.java:252)
	at sun.reflect.NativeMethodAccessorImpl.invoke0(Native Method)
	at sun.reflect.NativeMethodAccessorImpl.invoke(NativeMethodAccessorImpl.java:39)
	at sun.reflect.DelegatingMethodAccessorImpl.invoke(DelegatingMethodAccessorImpl.java:25)
	at java.lang.reflect.Method.invoke(Method.java:597)
	at junit.framework.TestCase.runTest(TestCase.java:168)
	at junit.framework.TestCase.runBare(TestCase.java:134)
	at junit.framework.TestResult$1.protect(TestResult.java:110)
	at junit.framework.TestResult.runProtected(TestResult.java:128)
	at junit.framework.TestResult.run(TestResult.java:113)
	at junit.framework.TestCase.run(TestCase.java:124)
	at junit.framework.TestSuite.runTest(TestSuite.java:232)
	at junit.framework.TestSuite.run(TestSuite.java:227)
	at org.junit.internal.runners.OldTestClassRunner.run(OldTestClassRunner.java:76)
	at junit.framework.JUnit4TestAdapter.run(JUnit4TestAdapter.java:32)
	at org.apache.tools.ant.taskdefs.optional.junit.JUnitTestRunner.run(JUnitTestRunner.java:421)
	at org.apache.tools.ant.taskdefs.optional.junit.JUnitTestRunner.launch(JUnitTestRunner.java:912)
	at org.apache.tools.ant.taskdefs.optional.junit.JUnitTestRunner.main(JUnitTestRunner.java:766)
]]></system-err>
</testsuite>
