<?xml version="1.0" encoding="UTF-8" ?>
<testsuite errors="0" failures="0" hostname="Macintosh-5" name="test.domain.TestDomainCheck" tests="4" time="0.737" timestamp="2008-01-08T19:41:54">
  <properties>
[...]
</properties>
  <testcase classname="test.domain.TestDomainCheck" name="testDomainOneDep" time="0.461" />
  <testcase classname="test.domain.TestDomainCheck" name="testDomainTwoDep" time="0.062" />
  <testcase classname="test.domain.TestDomainCheck" name="testDomainCheckWithPath" time="0.067" />
  <testcase classname="test.domain.TestDomainCheck" name="testAdditionalMaster" time="0.075" />
  <system-out><![CDATA[0    INFO  [main]     mycluster.privilege.UserPrivilege     needed privileges: [BIKE]
24   INFO  [main]     mycluster.privilege.UserPrivilege     needed privileges: [BIKE, GETNESTED]
25   INFO  [main] org.jdbcluster.privilege.PrivilegeCheckerImpl     property [nested.nestedDomain] is not accessable. Skipping Priv test
25   INFO  [main]     mycluster.privilege.UserPrivilege     needed privileges: [BIKE, NeedsRight4[ColorType]DomainValue[Color]]
27   INFO  [main]     mycluster.privilege.UserPrivilege     needed privileges: [NeedsRight4[ColorType]DomainValue[Color]]
29   INFO  [main]     mycluster.privilege.UserPrivilege     needed privileges: [BIKE, GETCOLTYPE]
29   INFO  [main]     mycluster.privilege.UserPrivilege     needed privileges: [BIKE, GETNESTED]
29   INFO  [main] org.jdbcluster.privilege.PrivilegeCheckerImpl     property [nested.nestedDomain] is not accessable. Skipping Priv test
29   INFO  [main]     mycluster.privilege.UserPrivilege     needed privileges: [BIKE, NeedsRight4[ColorType]DomainValue[Color]]
35   INFO  [main]     mycluster.privilege.UserPrivilege     needed privileges: [NeedsRight4[Color]DomainValue[RED]]
35   INFO  [main]     mycluster.privilege.UserPrivilege     needed privileges: [BIKE, GETCOLTYPE]
36   INFO  [main]     mycluster.privilege.UserPrivilege     needed privileges: [BIKE, GETCOLTYPE]
36   INFO  [main]     mycluster.privilege.UserPrivilege     needed privileges: [BIKE, GETNESTED]
36   INFO  [main] org.jdbcluster.privilege.PrivilegeCheckerImpl     property [nested.nestedDomain] is not accessable. Skipping Priv test
37   INFO  [main]     mycluster.privilege.UserPrivilege     needed privileges: [BIKE, NeedsRight4[ColorType]DomainValue[Color]]
37   INFO  [main]     mycluster.privilege.UserPrivilege     needed privileges: [NeedsRight4[Color]DomainValue[GREEN]]
37   INFO  [main]     mycluster.privilege.UserPrivilege     needed privileges: [BIKE, GETCOLTYPE]
38   INFO  [main]     mycluster.privilege.UserPrivilege     needed privileges: [BIKE, GETCOLTYPE]
38   INFO  [main]     mycluster.privilege.UserPrivilege     needed privileges: [BIKE, GETNESTED]
38   INFO  [main] org.jdbcluster.privilege.PrivilegeCheckerImpl     property [nested.nestedDomain] is not accessable. Skipping Priv test
38   INFO  [main]     mycluster.privilege.UserPrivilege     needed privileges: [BIKE, NeedsRight4[ColorType]DomainValue[Color]]
38   INFO  [main]     mycluster.privilege.UserPrivilege     needed privileges: [NeedsRight4[Color]DomainValue[BLUE]]
38   INFO  [main]     mycluster.privilege.UserPrivilege     needed privileges: [BIKE, GETCOLTYPE]
39   INFO  [main]     mycluster.privilege.UserPrivilege     needed privileges: [BIKE, GETCOLTYPE]
39   INFO  [main]     mycluster.privilege.UserPrivilege     needed privileges: [BIKE, GETNESTED]
39   INFO  [main] org.jdbcluster.privilege.PrivilegeCheckerImpl     property [nested.nestedDomain] is not accessable. Skipping Priv test
39   INFO  [main]     mycluster.privilege.UserPrivilege     needed privileges: [BIKE, NeedsRight4[ColorType]DomainValue[Color]]
39   INFO  [main]     mycluster.privilege.UserPrivilege     needed privileges: null
40   INFO  [main]     mycluster.privilege.UserPrivilege     needed privileges: [BIKE, GETCOLTYPE]
40   INFO  [main]     mycluster.privilege.UserPrivilege     needed privileges: [BIKE, GETCOLTYPE]
41   INFO  [main]     mycluster.privilege.UserPrivilege     needed privileges: [BIKE, GETNESTED]
41   INFO  [main] org.jdbcluster.privilege.PrivilegeCheckerImpl     property [nested.nestedDomain] is not accessable. Skipping Priv test
41   INFO  [main]     mycluster.privilege.UserPrivilege     needed privileges: [BIKE, NeedsRight4[ColorType]DomainValue[Color]]
41   INFO  [main]     mycluster.privilege.UserPrivilege     needed privileges: [NeedsRight4[Color]DomainValue[NULL]]
41   INFO  [main]     mycluster.privilege.UserPrivilege     needed privileges: [BIKE, GETCOLTYPE]
42   INFO  [main]     mycluster.privilege.UserPrivilege     needed privileges: [BIKE, GETNESTED]
47   INFO  [main] org.jdbcluster.privilege.PrivilegeCheckerImpl     property [nested.nestedDomain] is not accessable. Skipping Priv test
47   INFO  [main]     mycluster.privilege.UserPrivilege     needed privileges: [BIKE, NeedsRight4[ColorType]DomainValue[BlackWhite]]
47   INFO  [main]     mycluster.privilege.UserPrivilege     needed privileges: [NeedsRight4[ColorType]DomainValue[BlackWhite]]
47   INFO  [main]     mycluster.privilege.UserPrivilege     needed privileges: [BIKE, GETCOLTYPE]
48   INFO  [main]     mycluster.privilege.UserPrivilege     needed privileges: [BIKE, GETNESTED]
48   INFO  [main] org.jdbcluster.privilege.PrivilegeCheckerImpl     property [nested.nestedDomain] is not accessable. Skipping Priv test
49   INFO  [main]     mycluster.privilege.UserPrivilege     needed privileges: [BIKE, NeedsRight4[ColorType]DomainValue[BlackWhite]]
49   INFO  [main]     mycluster.privilege.UserPrivilege     needed privileges: [NeedsRight4[Color]DomainValue[BLACK]]
50   INFO  [main]     mycluster.privilege.UserPrivilege     needed privileges: [BIKE, GETCOLTYPE]
51   INFO  [main]     mycluster.privilege.UserPrivilege     needed privileges: [BIKE, GETCOLTYPE]
51   INFO  [main]     mycluster.privilege.UserPrivilege     needed privileges: [BIKE, GETNESTED]
51   INFO  [main] org.jdbcluster.privilege.PrivilegeCheckerImpl     property [nested.nestedDomain] is not accessable. Skipping Priv test
51   INFO  [main]     mycluster.privilege.UserPrivilege     needed privileges: [BIKE, NeedsRight4[ColorType]DomainValue[BlackWhite]]
51   INFO  [main]     mycluster.privilege.UserPrivilege     needed privileges: [NeedsRight4[Color]DomainValue[WHITE]]
52   INFO  [main]     mycluster.privilege.UserPrivilege     needed privileges: [BIKE, GETCOLTYPE]
52   INFO  [main]     mycluster.privilege.UserPrivilege     needed privileges: [BIKE, GETCOLTYPE]
53   INFO  [main]     mycluster.privilege.UserPrivilege     needed privileges: [BIKE, GETNESTED]
53   INFO  [main] org.jdbcluster.privilege.PrivilegeCheckerImpl     property [nested.nestedDomain] is not accessable. Skipping Priv test
53   INFO  [main]     mycluster.privilege.UserPrivilege     needed privileges: [BIKE, NeedsRight4[ColorType]DomainValue[BlackWhite]]
53   INFO  [main]     mycluster.privilege.UserPrivilege     needed privileges: [NeedsRight4[Color]DomainValue[GREY50%]]
53   INFO  [main]     mycluster.privilege.UserPrivilege     needed privileges: [BIKE, GETCOLTYPE]
54   INFO  [main]     mycluster.privilege.UserPrivilege     needed privileges: [BIKE, GETCOLTYPE]
54   INFO  [main]     mycluster.privilege.UserPrivilege     needed privileges: [BIKE, GETNESTED]
54   INFO  [main] org.jdbcluster.privilege.PrivilegeCheckerImpl     property [nested.nestedDomain] is not accessable. Skipping Priv test
55   INFO  [main]     mycluster.privilege.UserPrivilege     needed privileges: [BIKE, NeedsRight4[ColorType]DomainValue[BlackWhite]]
55   INFO  [main]     mycluster.privilege.UserPrivilege     needed privileges: [NeedsRight4[Color]DomainValue[NULL]]
55   INFO  [main]     mycluster.privilege.UserPrivilege     needed privileges: [BIKE, GETCOLTYPE]
55   INFO  [main]     mycluster.privilege.UserPrivilege     needed privileges: [BIKE, GETCOLTYPE]
56   INFO  [main]     mycluster.privilege.UserPrivilege     needed privileges: [BIKE, GETNESTED]
56   INFO  [main] org.jdbcluster.privilege.PrivilegeCheckerImpl     property [nested.nestedDomain] is not accessable. Skipping Priv test
56   INFO  [main]     mycluster.privilege.UserPrivilege     needed privileges: [BIKE, NeedsRight4[ColorType]DomainValue[BlackWhite]]
56   INFO  [main]     mycluster.privilege.UserPrivilege     needed privileges: [NeedsRight4[Color]DomainValue[RED]]
56   INFO  [main]     mycluster.privilege.UserPrivilege     needed privileges: [BIKE, GETCOLTYPE]
57   INFO  [main]     mycluster.privilege.UserPrivilege     needed privileges: [BIKE, GETCOLTYPE]
57   INFO  [main]     mycluster.privilege.UserPrivilege     needed privileges: [BIKE, GETNESTED]
57   INFO  [main] org.jdbcluster.privilege.PrivilegeCheckerImpl     property [nested.nestedDomain] is not accessable. Skipping Priv test
57   INFO  [main]     mycluster.privilege.UserPrivilege     needed privileges: [BIKE, NeedsRight4[ColorType]DomainValue[BlackWhite]]
57   INFO  [main]     mycluster.privilege.UserPrivilege     needed privileges: [NeedsRight4[Color]DomainValue[GREEN]]
58   INFO  [main]     mycluster.privilege.UserPrivilege     needed privileges: [BIKE, GETCOLTYPE]
58   INFO  [main]     mycluster.privilege.UserPrivilege     needed privileges: [BIKE, GETNESTED]
58   INFO  [main] org.jdbcluster.privilege.PrivilegeCheckerImpl     property [nested.nestedDomain] is not accessable. Skipping Priv test
58   INFO  [main]     mycluster.privilege.UserPrivilege     needed privileges: [BIKE, NeedsRight4[ColorType]DomainValue[None]]
58   INFO  [main]     mycluster.privilege.UserPrivilege     needed privileges: [NeedsRight4[ColorType]DomainValue[None]]
60   INFO  [main]     mycluster.privilege.UserPrivilege     needed privileges: [BIKE, GETCOLTYPE]
60   INFO  [main]     mycluster.privilege.UserPrivilege     needed privileges: [BIKE, GETNESTED]
60   INFO  [main] org.jdbcluster.privilege.PrivilegeCheckerImpl     property [nested.nestedDomain] is not accessable. Skipping Priv test
60   INFO  [main]     mycluster.privilege.UserPrivilege     needed privileges: [BIKE, NeedsRight4[ColorType]DomainValue[None]]
60   INFO  [main]     mycluster.privilege.UserPrivilege     needed privileges: [NeedsRight4[Color]DomainValue[NULL]]
61   INFO  [main]     mycluster.privilege.UserPrivilege     needed privileges: [BIKE, GETCOLTYPE]
61   INFO  [main]     mycluster.privilege.UserPrivilege     needed privileges: [BIKE, GETCOLTYPE]
62   INFO  [main]     mycluster.privilege.UserPrivilege     needed privileges: [BIKE, GETNESTED]
62   INFO  [main] org.jdbcluster.privilege.PrivilegeCheckerImpl     property [nested.nestedDomain] is not accessable. Skipping Priv test
62   INFO  [main]     mycluster.privilege.UserPrivilege     needed privileges: [BIKE, NeedsRight4[ColorType]DomainValue[None]]
62   INFO  [main]     mycluster.privilege.UserPrivilege     needed privileges: [NeedsRight4[Color]DomainValue[GREEN]]
63   INFO  [main]     mycluster.privilege.UserPrivilege     needed privileges: [BIKE, GETCOLTYPE]
63   INFO  [main]     mycluster.privilege.UserPrivilege     needed privileges: [BIKE, GETNESTED]
63   INFO  [main] org.jdbcluster.privilege.PrivilegeCheckerImpl     property [nested.nestedDomain] is not accessable. Skipping Priv test
89   INFO  [main]     mycluster.privilege.UserPrivilege     needed privileges: [BIKE, NeedsRight4[ColorType]DomainValue[All]]
89   INFO  [main]     mycluster.privilege.UserPrivilege     needed privileges: [NeedsRight4[ColorType]DomainValue[All]]
89   INFO  [main]     mycluster.privilege.UserPrivilege     needed privileges: [BIKE, GETCOLTYPE]
90   INFO  [main]     mycluster.privilege.UserPrivilege     needed privileges: [BIKE, GETNESTED]
90   INFO  [main] org.jdbcluster.privilege.PrivilegeCheckerImpl     property [nested.nestedDomain] is not accessable. Skipping Priv test
90   INFO  [main]     mycluster.privilege.UserPrivilege     needed privileges: [BIKE, NeedsRight4[ColorType]DomainValue[All]]
90   INFO  [main]     mycluster.privilege.UserPrivilege     needed privileges: [NeedsRight4[Color]DomainValue[NULL]]
90   INFO  [main]     mycluster.privilege.UserPrivilege     needed privileges: [BIKE, GETCOLTYPE]
90   INFO  [main]     mycluster.privilege.UserPrivilege     needed privileges: [BIKE, GETCOLTYPE]
91   INFO  [main]     mycluster.privilege.UserPrivilege     needed privileges: [BIKE, GETNESTED]
91   INFO  [main] org.jdbcluster.privilege.PrivilegeCheckerImpl     property [nested.nestedDomain] is not accessable. Skipping Priv test
91   INFO  [main]     mycluster.privilege.UserPrivilege     needed privileges: [BIKE, NeedsRight4[ColorType]DomainValue[All]]
91   INFO  [main]     mycluster.privilege.UserPrivilege     needed privileges: [NeedsRight4[Color]DomainValue[RED]]
91   INFO  [main]     mycluster.privilege.UserPrivilege     needed privileges: [BIKE, GETCOLTYPE]
92   INFO  [main]     mycluster.privilege.UserPrivilege     needed privileges: [BIKE, GETCOLTYPE]
92   INFO  [main]     mycluster.privilege.UserPrivilege     needed privileges: [BIKE, GETNESTED]
92   INFO  [main] org.jdbcluster.privilege.PrivilegeCheckerImpl     property [nested.nestedDomain] is not accessable. Skipping Priv test
92   INFO  [main]     mycluster.privilege.UserPrivilege     needed privileges: [BIKE, NeedsRight4[ColorType]DomainValue[All]]
92   INFO  [main]     mycluster.privilege.UserPrivilege     needed privileges: [NeedsRight4[Color]DomainValue[GREEN]]
93   INFO  [main]     mycluster.privilege.UserPrivilege     needed privileges: [BIKE, GETCOLTYPE]
94   INFO  [main]     mycluster.privilege.UserPrivilege     needed privileges: [BIKE, GETCOLTYPE]
94   INFO  [main]     mycluster.privilege.UserPrivilege     needed privileges: [BIKE, GETNESTED]
94   INFO  [main] org.jdbcluster.privilege.PrivilegeCheckerImpl     property [nested.nestedDomain] is not accessable. Skipping Priv test
94   INFO  [main]     mycluster.privilege.UserPrivilege     needed privileges: [BIKE, NeedsRight4[ColorType]DomainValue[All]]
94   INFO  [main]     mycluster.privilege.UserPrivilege     needed privileges: [NeedsRight4[Color]DomainValue[BLUE]]
94   INFO  [main]     mycluster.privilege.UserPrivilege     needed privileges: [BIKE, GETCOLTYPE]
95   INFO  [main]     mycluster.privilege.UserPrivilege     needed privileges: [BIKE, GETCOLTYPE]
96   INFO  [main]     mycluster.privilege.UserPrivilege     needed privileges: [BIKE, GETNESTED]
96   INFO  [main] org.jdbcluster.privilege.PrivilegeCheckerImpl     property [nested.nestedDomain] is not accessable. Skipping Priv test
96   INFO  [main]     mycluster.privilege.UserPrivilege     needed privileges: [BIKE, NeedsRight4[ColorType]DomainValue[All]]
96   INFO  [main]     mycluster.privilege.UserPrivilege     needed privileges: [NeedsRight4[Color]DomainValue[BLACK]]
96   INFO  [main]     mycluster.privilege.UserPrivilege     needed privileges: [BIKE, GETCOLTYPE]
96   INFO  [main]     mycluster.privilege.UserPrivilege     needed privileges: [BIKE, GETCOLTYPE]
97   INFO  [main]     mycluster.privilege.UserPrivilege     needed privileges: [BIKE, GETNESTED]
97   INFO  [main] org.jdbcluster.privilege.PrivilegeCheckerImpl     property [nested.nestedDomain] is not accessable. Skipping Priv test
97   INFO  [main]     mycluster.privilege.UserPrivilege     needed privileges: [BIKE, NeedsRight4[ColorType]DomainValue[All]]
97   INFO  [main]     mycluster.privilege.UserPrivilege     needed privileges: [NeedsRight4[Color]DomainValue[WHITE]]
97   INFO  [main]     mycluster.privilege.UserPrivilege     needed privileges: [BIKE, GETCOLTYPE]
98   INFO  [main]     mycluster.privilege.UserPrivilege     needed privileges: [BIKE, GETCOLTYPE]
98   INFO  [main]     mycluster.privilege.UserPrivilege     needed privileges: [BIKE, GETNESTED]
98   INFO  [main] org.jdbcluster.privilege.PrivilegeCheckerImpl     property [nested.nestedDomain] is not accessable. Skipping Priv test
98   INFO  [main]     mycluster.privilege.UserPrivilege     needed privileges: [BIKE, NeedsRight4[ColorType]DomainValue[All]]
98   INFO  [main]     mycluster.privilege.UserPrivilege     needed privileges: [NeedsRight4[Color]DomainValue[GREY50%]]
98   INFO  [main]     mycluster.privilege.UserPrivilege     needed privileges: [BIKE, GETCOLTYPE]
145  INFO  [main]     mycluster.privilege.UserPrivilege     needed privileges: [BIKE]
146  INFO  [main]     mycluster.privilege.UserPrivilege     needed privileges: [BIKE, GETNESTED]
146  INFO  [main] org.jdbcluster.privilege.PrivilegeCheckerImpl     property [nested.nestedDomain] is not accessable. Skipping Priv test
146  INFO  [main]     mycluster.privilege.UserPrivilege     needed privileges: [BIKE, NeedsRight4[ColorType]DomainValue[Color]]
146  INFO  [main]     mycluster.privilege.UserPrivilege     needed privileges: [NeedsRight4[ColorType]DomainValue[Color]]
146  INFO  [main]     mycluster.privilege.UserPrivilege     needed privileges: [BIKE, GETCOLTYPE]
146  INFO  [main]     mycluster.privilege.UserPrivilege     needed privileges: [BIKE, GETNESTED]
147  INFO  [main] org.jdbcluster.privilege.PrivilegeCheckerImpl     property [nested.nestedDomain] is not accessable. Skipping Priv test
147  INFO  [main]     mycluster.privilege.UserPrivilege     needed privileges: [BIKE, NeedsRight4[ColorType]DomainValue[Color]]
147  INFO  [main]     mycluster.privilege.UserPrivilege     needed privileges: [NeedsRight4[Color]DomainValue[RED]]
147  INFO  [main]     mycluster.privilege.UserPrivilege     needed privileges: [BIKE, GETCOLTYPE]
148  INFO  [main]     mycluster.privilege.UserPrivilege     needed privileges: [BIKE, GETCOLTYPE]
148  INFO  [main]     mycluster.privilege.UserPrivilege     needed privileges: [BIKE, GETNESTED]
148  INFO  [main] org.jdbcluster.privilege.PrivilegeCheckerImpl     property [nested.nestedDomain] is not accessable. Skipping Priv test
148  INFO  [main]     mycluster.privilege.UserPrivilege     needed privileges: [BIKE, SETCOLSHADE, NeedsRight4[ColorType]DomainValue[Color]]
151  INFO  [main]     mycluster.privilege.UserPrivilege     needed privileges: [GETCOLOR, BIKE]
152  INFO  [main]     mycluster.privilege.UserPrivilege     needed privileges: [BIKE, GETCOLTYPE]
155  INFO  [main]     mycluster.privilege.UserPrivilege     needed privileges: [BIKE, GETCOLTYPE]
155  INFO  [main]     mycluster.privilege.UserPrivilege     needed privileges: [BIKE, GETNESTED]
155  INFO  [main] org.jdbcluster.privilege.PrivilegeCheckerImpl     property [nested.nestedDomain] is not accessable. Skipping Priv test
155  INFO  [main]     mycluster.privilege.UserPrivilege     needed privileges: [BIKE, SETCOLSHADE, NeedsRight4[ColorType]DomainValue[Color]]
156  INFO  [main]     mycluster.privilege.UserPrivilege     needed privileges: [GETCOLOR, BIKE]
156  INFO  [main]     mycluster.privilege.UserPrivilege     needed privileges: [BIKE, GETCOLTYPE]
157  INFO  [main]     mycluster.privilege.UserPrivilege     needed privileges: [BIKE, GETCOLTYPE]
157  INFO  [main]     mycluster.privilege.UserPrivilege     needed privileges: [BIKE, GETNESTED]
157  INFO  [main] org.jdbcluster.privilege.PrivilegeCheckerImpl     property [nested.nestedDomain] is not accessable. Skipping Priv test
157  INFO  [main]     mycluster.privilege.UserPrivilege     needed privileges: [BIKE, SETCOLSHADE, NeedsRight4[ColorType]DomainValue[Color]]
157  INFO  [main]     mycluster.privilege.UserPrivilege     needed privileges: [GETCOLOR, BIKE]
158  INFO  [main]     mycluster.privilege.UserPrivilege     needed privileges: [BIKE, GETCOLTYPE]
158  INFO  [main]     mycluster.privilege.UserPrivilege     needed privileges: [BIKE, GETCOLTYPE]
158  INFO  [main]     mycluster.privilege.UserPrivilege     needed privileges: [BIKE, GETNESTED]
158  INFO  [main] org.jdbcluster.privilege.PrivilegeCheckerImpl     property [nested.nestedDomain] is not accessable. Skipping Priv test
158  INFO  [main]     mycluster.privilege.UserPrivilege     needed privileges: [BIKE, NeedsRight4[ColorType]DomainValue[Color]]
158  INFO  [main]     mycluster.privilege.UserPrivilege     needed privileges: [NeedsRight4[Color]DomainValue[GREEN]]
159  INFO  [main]     mycluster.privilege.UserPrivilege     needed privileges: [BIKE, GETCOLTYPE]
159  INFO  [main]     mycluster.privilege.UserPrivilege     needed privileges: [BIKE, GETCOLTYPE]
159  INFO  [main]     mycluster.privilege.UserPrivilege     needed privileges: [BIKE, GETNESTED]
159  INFO  [main] org.jdbcluster.privilege.PrivilegeCheckerImpl     property [nested.nestedDomain] is not accessable. Skipping Priv test
159  INFO  [main]     mycluster.privilege.UserPrivilege     needed privileges: [BIKE, SETCOLSHADE, NeedsRight4[ColorType]DomainValue[Color]]
160  INFO  [main]     mycluster.privilege.UserPrivilege     needed privileges: [GETCOLOR, BIKE]
160  INFO  [main]     mycluster.privilege.UserPrivilege     needed privileges: [BIKE, GETCOLTYPE]
160  INFO  [main]     mycluster.privilege.UserPrivilege     needed privileges: [BIKE, GETCOLTYPE]
161  INFO  [main]     mycluster.privilege.UserPrivilege     needed privileges: [BIKE, GETNESTED]
161  INFO  [main] org.jdbcluster.privilege.PrivilegeCheckerImpl     property [nested.nestedDomain] is not accessable. Skipping Priv test
161  INFO  [main]     mycluster.privilege.UserPrivilege     needed privileges: [BIKE, SETCOLSHADE, NeedsRight4[ColorType]DomainValue[Color]]
161  INFO  [main]     mycluster.privilege.UserPrivilege     needed privileges: [GETCOLOR, BIKE]
161  INFO  [main]     mycluster.privilege.UserPrivilege     needed privileges: [BIKE, GETCOLTYPE]
225  INFO  [main]     mycluster.privilege.UserPrivilege     needed privileges: [BIKE]
226  INFO  [main]     mycluster.privilege.UserPrivilege     needed privileges: [BIKE, GETNESTED]
226  INFO  [main] org.jdbcluster.privilege.PrivilegeCheckerImpl     property [nested.nestedDomain] is not accessable. Skipping Priv test
226  INFO  [main]     mycluster.privilege.UserPrivilege     needed privileges: [BIKE, NeedsRight4[ColorType]DomainValue[Color]]
226  INFO  [main]     mycluster.privilege.UserPrivilege     needed privileges: [NeedsRight4[ColorType]DomainValue[Color]]
226  INFO  [main]     mycluster.privilege.UserPrivilege     needed privileges: [BIKE, GETCOLTYPE]
226  INFO  [main]     mycluster.privilege.UserPrivilege     needed privileges: [BIKE, GETNESTED]
226  INFO  [main] org.jdbcluster.privilege.PrivilegeCheckerImpl     property [nested.nestedDomain] is not accessable. Skipping Priv test
226  INFO  [main]     mycluster.privilege.UserPrivilege     needed privileges: [BIKE, NeedsRight4[ColorType]DomainValue[Color]]
227  INFO  [main]     mycluster.privilege.UserPrivilege     needed privileges: [NeedsRight4[Color]DomainValue[RED]]
227  INFO  [main]     mycluster.privilege.UserPrivilege     needed privileges: [BIKE, GETCOLTYPE]
227  INFO  [main]     mycluster.privilege.UserPrivilege     needed privileges: [GETCOLOR, BIKE]
227  DEBUG [main] org.jdbcluster.domain.DomainCheckerImpl     check for cluster [mycluster.CBicycle] and Property Slave Path [color] and Slave Value [RED] and Domain Dependancy Domain Id [ColorDomain]
228  INFO  [main]     mycluster.privilege.UserPrivilege     needed privileges: [BIKE, GETCOLTYPE]
228  INFO  [main]     mycluster.privilege.UserPrivilege     needed privileges: [BIKE, GETNESTED]
228  INFO  [main] org.jdbcluster.privilege.PrivilegeCheckerImpl     property [nested.nestedDomain] is not accessable. Skipping Priv test
228  INFO  [main]     mycluster.privilege.UserPrivilege     needed privileges: [BIKE, NeedsRight4[ColorType]DomainValue[BlackWhite]]
228  INFO  [main]     mycluster.privilege.UserPrivilege     needed privileges: [NeedsRight4[ColorType]DomainValue[BlackWhite]]
228  INFO  [main]     mycluster.privilege.UserPrivilege     needed privileges: [GETCOLOR, BIKE]
229  DEBUG [main] org.jdbcluster.domain.DomainCheckerImpl     check for cluster [mycluster.CBicycle] and Property Slave Path [color] and Slave Value [RED] and Domain Dependancy Domain Id [ColorDomain]
229  INFO  [main]     mycluster.privilege.UserPrivilege     needed privileges: [BIKE, GETCOLTYPE]
288  INFO  [main]     mycluster.privilege.UserPrivilege     needed privileges: [BIKE]
289  INFO  [main]     mycluster.privilege.UserPrivilege     needed privileges: [BIKE, GETNESTED]
289  INFO  [main] org.jdbcluster.privilege.PrivilegeCheckerImpl     property [nested.nestedDomain] is not accessable. Skipping Priv test
289  INFO  [main]     mycluster.privilege.UserPrivilege     needed privileges: [BIKE, NeedsRight4[ColorType]DomainValue[All]]
289  INFO  [main]     mycluster.privilege.UserPrivilege     needed privileges: [NeedsRight4[ColorType]DomainValue[All]]
290  INFO  [main]     mycluster.privilege.UserPrivilege     needed privileges: [BIKE, GETCOLTYPE]
290  INFO  [main]     mycluster.privilege.UserPrivilege     needed privileges: [BIKE, GETNESTED]
290  INFO  [main] org.jdbcluster.privilege.PrivilegeCheckerImpl     property [nested.nestedDomain] is not accessable. Skipping Priv test
290  INFO  [main]     mycluster.privilege.UserPrivilege     needed privileges: [BIKE, NeedsRight4[ColorType]DomainValue[All]]
290  INFO  [main]     mycluster.privilege.UserPrivilege     needed privileges: [NeedsRight4[Color]DomainValue[RED]]
290  INFO  [main]     mycluster.privilege.UserPrivilege     needed privileges: [BIKE, GETCOLTYPE]
291  INFO  [main]     mycluster.privilege.UserPrivilege     needed privileges: [BIKE, GETCOLTYPE]
291  INFO  [main]     mycluster.privilege.UserPrivilege     needed privileges: [BIKE, GETNESTED]
291  INFO  [main] org.jdbcluster.privilege.PrivilegeCheckerImpl     property [nested.nestedDomain] is not accessable. Skipping Priv test
291  INFO  [main]     mycluster.privilege.UserPrivilege     needed privileges: [BIKE, SETCOLSHADE, NeedsRight4[ColorType]DomainValue[All]]
291  INFO  [main]     mycluster.privilege.UserPrivilege     needed privileges: [GETCOLOR, BIKE]
292  INFO  [main]     mycluster.privilege.UserPrivilege     needed privileges: [BIKE, GETCOLTYPE]
292  INFO  [main]     mycluster.privilege.UserPrivilege     needed privileges: [BIKE, GETCOLTYPE]
294  INFO  [main]     mycluster.privilege.UserPrivilege     needed privileges: [BIKE, GETNESTED]
294  INFO  [main] org.jdbcluster.privilege.PrivilegeCheckerImpl     property [nested.nestedDomain] is not accessable. Skipping Priv test
295  INFO  [main]     mycluster.privilege.UserPrivilege     needed privileges: [BIKE, NeedsRight4[ColorType]DomainValue[All]]
295  DEBUG [main] org.jdbcluster.domain.DomainCheckerImpl     check for cluster [mycluster.CBicycle] and Property Slave Path [colorShading] and Slave Value [MiddleRED] and Domain Dependancy Domain Id [ColorShadingDomain]
299  INFO  [main]     mycluster.privilege.UserPrivilege     needed privileges: [GETCOLOR, BIKE]
299  INFO  [main]     mycluster.privilege.UserPrivilege     needed privileges: [BIKE, GETCOLTYPE]
299  INFO  [main]     mycluster.privilege.UserPrivilege     needed privileges: [BIKE, GETCOLTYPE]
300  INFO  [main]     mycluster.privilege.UserPrivilege     needed privileges: [BIKE, GETNESTED]
300  INFO  [main] org.jdbcluster.privilege.PrivilegeCheckerImpl     property [nested.nestedDomain] is not accessable. Skipping Priv test
300  INFO  [main]     mycluster.privilege.UserPrivilege     needed privileges: [BIKE, SETCOLSHADE, NeedsRight4[ColorType]DomainValue[All]]
300  INFO  [main]     mycluster.privilege.UserPrivilege     needed privileges: [GETCOLOR, BIKE]
300  INFO  [main]     mycluster.privilege.UserPrivilege     needed privileges: [BIKE, GETCOLTYPE]
301  INFO  [main]     mycluster.privilege.UserPrivilege     needed privileges: [BIKE, GETCOLTYPE]
301  INFO  [main]     mycluster.privilege.UserPrivilege     needed privileges: [BIKE, GETNESTED]
301  INFO  [main] org.jdbcluster.privilege.PrivilegeCheckerImpl     property [nested.nestedDomain] is not accessable. Skipping Priv test
301  INFO  [main]     mycluster.privilege.UserPrivilege     needed privileges: [BIKE, NeedsRight4[ColorType]DomainValue[All]]
301  DEBUG [main] org.jdbcluster.domain.DomainCheckerImpl     check for cluster [mycluster.CBicycle] and Property Slave Path [colorShading] and Slave Value [DarkRED] and Domain Dependancy Domain Id [ColorShadingDomain]
302  INFO  [main]     mycluster.privilege.UserPrivilege     needed privileges: [GETCOLOR, BIKE]
302  INFO  [main]     mycluster.privilege.UserPrivilege     needed privileges: [BIKE, GETCOLTYPE]
302  INFO  [main]     mycluster.privilege.UserPrivilege     needed privileges: [BIKE, GETCOLTYPE]
303  INFO  [main]     mycluster.privilege.UserPrivilege     needed privileges: [BIKE, GETNESTED]
303  INFO  [main] org.jdbcluster.privilege.PrivilegeCheckerImpl     property [nested.nestedDomain] is not accessable. Skipping Priv test
303  INFO  [main]     mycluster.privilege.UserPrivilege     needed privileges: [BIKE, SETCOLSHADE, NeedsRight4[ColorType]DomainValue[All]]
305  INFO  [main]     mycluster.privilege.UserPrivilege     needed privileges: [GETCOLOR, BIKE]
305  INFO  [main]     mycluster.privilege.UserPrivilege     needed privileges: [BIKE, GETCOLTYPE]
]]></system-out>
  <system-err><![CDATA[]]></system-err>
</testsuite>
