<?xml version="1.0" encoding="UTF-8" ?>
<testsuite errors="0" failures="0" hostname="Macintosh-5" name="test.domain.TestDomainList2" tests="3" time="0.597" timestamp="2008-01-08T19:41:57">
  <properties>
[...]
</properties>
  <testcase classname="test.domain.TestDomainList2" name="testDomainList" time="0.324" />
  <testcase classname="test.domain.TestDomainList2" name="testDomainListPath" time="0.114" />
  <testcase classname="test.domain.TestDomainList2" name="testDomainListAdditionalMaster" time="0.097" />
  <system-out><![CDATA[0    INFO  [main]     mycluster.privilege.UserPrivilege     needed privileges: [BIKE]
16   INFO  [main]     mycluster.privilege.UserPrivilege     needed privileges: [BIKE, GETNESTED]
16   INFO  [main] org.jdbcluster.privilege.PrivilegeCheckerImpl     property [nested.nestedDomain] is not accessable. Skipping Priv test
16   INFO  [main]     mycluster.privilege.UserPrivilege     needed privileges: [BIKE, NeedsRight4[ColorType]DomainValue[Color]]
18   INFO  [main]     mycluster.privilege.UserPrivilege     needed privileges: [NeedsRight4[ColorType]DomainValue[Color]]
19   DEBUG [main] org.jdbcluster.domain.DomainCheckerImpl     getValidDomainEntries for Cluster [mycluster.CBicycle] and property path [color]
22   INFO  [main]     mycluster.privilege.UserPrivilege     needed privileges: [BIKE, GETCOLTYPE]
23   DEBUG [main] org.jdbcluster.domain.DomainCheckerImpl     getValidDomainEntries doing rightsIntersection for master domain id[ColorTypeDomain] and masterValue [Color] and slaveDomainId [ColorDomain] and Field [color]
25   INFO  [main]     mycluster.privilege.UserPrivilege     needed privileges: [NeedsRight4[Color]DomainValue[RED]]
26   INFO  [main]     mycluster.privilege.UserPrivilege     needed privileges: [NeedsRight4[Color]DomainValue[GREEN]]
26   INFO  [main]     mycluster.privilege.UserPrivilege     needed privileges: [NeedsRight4[Color]DomainValue[BLUE]]
26   INFO  [main]     mycluster.privilege.UserPrivilege     needed privileges: [BIKE, GETNESTED]
26   INFO  [main] org.jdbcluster.privilege.PrivilegeCheckerImpl     property [nested.nestedDomain] is not accessable. Skipping Priv test
26   INFO  [main]     mycluster.privilege.UserPrivilege     needed privileges: [BIKE, NeedsRight4[ColorType]DomainValue[BlackWhite]]
26   INFO  [main]     mycluster.privilege.UserPrivilege     needed privileges: [NeedsRight4[ColorType]DomainValue[BlackWhite]]
27   DEBUG [main] org.jdbcluster.domain.DomainCheckerImpl     getValidDomainEntries for Cluster [mycluster.CBicycle] and property path [color]
27   INFO  [main]     mycluster.privilege.UserPrivilege     needed privileges: [BIKE, GETCOLTYPE]
27   DEBUG [main] org.jdbcluster.domain.DomainCheckerImpl     getValidDomainEntries doing rightsIntersection for master domain id[ColorTypeDomain] and masterValue [BlackWhite] and slaveDomainId [ColorDomain] and Field [color]
27   INFO  [main]     mycluster.privilege.UserPrivilege     needed privileges: [NeedsRight4[Color]DomainValue[RED]]
28   INFO  [main]     mycluster.privilege.UserPrivilege     needed privileges: [NeedsRight4[Color]DomainValue[GREEN]]
28   INFO  [main]     mycluster.privilege.UserPrivilege     needed privileges: [NeedsRight4[Color]DomainValue[BLUE]]
28   INFO  [main]     mycluster.privilege.UserPrivilege     needed privileges: [NeedsRight4[Color]DomainValue[WHITE]]
28   INFO  [main]     mycluster.privilege.UserPrivilege     needed privileges: [NeedsRight4[Color]DomainValue[GREY50%]]
28   INFO  [main]     mycluster.privilege.UserPrivilege     needed privileges: [BIKE, GETNESTED]
28   INFO  [main] org.jdbcluster.privilege.PrivilegeCheckerImpl     property [nested.nestedDomain] is not accessable. Skipping Priv test
28   INFO  [main]     mycluster.privilege.UserPrivilege     needed privileges: [BIKE, NeedsRight4[ColorType]DomainValue[None]]
28   INFO  [main]     mycluster.privilege.UserPrivilege     needed privileges: [NeedsRight4[ColorType]DomainValue[None]]
29   DEBUG [main] org.jdbcluster.domain.DomainCheckerImpl     getValidDomainEntries for Cluster [mycluster.CBicycle] and property path [color]
29   INFO  [main]     mycluster.privilege.UserPrivilege     needed privileges: [BIKE, GETCOLTYPE]
29   DEBUG [main] org.jdbcluster.domain.DomainCheckerImpl     getValidDomainEntries doing rightsIntersection for master domain id[ColorTypeDomain] and masterValue [None] and slaveDomainId [ColorDomain] and Field [color]
30   INFO  [main]     mycluster.privilege.UserPrivilege     needed privileges: [BIKE, GETNESTED]
30   INFO  [main] org.jdbcluster.privilege.PrivilegeCheckerImpl     property [nested.nestedDomain] is not accessable. Skipping Priv test
30   INFO  [main]     mycluster.privilege.UserPrivilege     needed privileges: [BIKE, NeedsRight4[ColorType]DomainValue[All]]
30   INFO  [main]     mycluster.privilege.UserPrivilege     needed privileges: [NeedsRight4[ColorType]DomainValue[All]]
30   DEBUG [main] org.jdbcluster.domain.DomainCheckerImpl     getValidDomainEntries for Cluster [mycluster.CBicycle] and property path [color]
31   INFO  [main]     mycluster.privilege.UserPrivilege     needed privileges: [BIKE, GETCOLTYPE]
31   DEBUG [main] org.jdbcluster.domain.DomainCheckerImpl     getValidDomainEntries doing rightsIntersection for master domain id[ColorTypeDomain] and masterValue [All] and slaveDomainId [ColorDomain] and Field [color]
31   INFO  [main]     mycluster.privilege.UserPrivilege     needed privileges: [NeedsRight4[Color]DomainValue[RED]]
31   INFO  [main]     mycluster.privilege.UserPrivilege     needed privileges: [NeedsRight4[Color]DomainValue[GREEN]]
31   INFO  [main]     mycluster.privilege.UserPrivilege     needed privileges: [NeedsRight4[Color]DomainValue[BLUE]]
31   INFO  [main]     mycluster.privilege.UserPrivilege     needed privileges: [NeedsRight4[Color]DomainValue[BLACK]]
31   INFO  [main]     mycluster.privilege.UserPrivilege     needed privileges: [NeedsRight4[Color]DomainValue[WHITE]]
31   INFO  [main]     mycluster.privilege.UserPrivilege     needed privileges: [NeedsRight4[Color]DomainValue[GREY50%]]
82   INFO  [main]     mycluster.privilege.UserPrivilege     needed privileges: [BIKE]
83   INFO  [main]     mycluster.privilege.UserPrivilege     needed privileges: [BIKE, GETNESTED]
83   INFO  [main] org.jdbcluster.privilege.PrivilegeCheckerImpl     property [nested.nestedDomain] is not accessable. Skipping Priv test
83   INFO  [main]     mycluster.privilege.UserPrivilege     needed privileges: [BIKE, NeedsRight4[ColorType]DomainValue[All]]
83   INFO  [main]     mycluster.privilege.UserPrivilege     needed privileges: [NeedsRight4[ColorType]DomainValue[All]]
83   INFO  [main]     mycluster.privilege.UserPrivilege     needed privileges: [BIKE, GETCOLTYPE]
84   INFO  [main]     mycluster.privilege.UserPrivilege     needed privileges: [BIKE, GETNESTED]
84   INFO  [main] org.jdbcluster.privilege.PrivilegeCheckerImpl     property [nested.nestedDomain] is not accessable. Skipping Priv test
84   INFO  [main]     mycluster.privilege.UserPrivilege     needed privileges: [BIKE, NeedsRight4[ColorType]DomainValue[All]]
85   INFO  [main]     mycluster.privilege.UserPrivilege     needed privileges: [NeedsRight4[Color]DomainValue[RED]]
86   INFO  [main]     mycluster.privilege.UserPrivilege     needed privileges: [BIKE, GETCOLTYPE]
86   DEBUG [main] org.jdbcluster.domain.DomainCheckerImpl     getValidDomainEntries for Cluster [mycluster.CBicycle] and property path [colorShading]
89   INFO  [main]     mycluster.privilege.UserPrivilege     needed privileges: [GETCOLOR, BIKE]
90   INFO  [main]     mycluster.privilege.UserPrivilege     needed privileges: [BIKE, GETCOLTYPE]
90   DEBUG [main] org.jdbcluster.domain.DomainCheckerImpl     getValidDomainEntries (additional master) doing rightsIntersection for master domain id[ColorDomain] and masterValue [RED] and slaveDomainId [ColorShadingDomain] and Field [colorShading]
97   INFO  [main]     mycluster.privilege.UserPrivilege     needed privileges: [BIKE, GETNESTED]
97   INFO  [main] org.jdbcluster.privilege.PrivilegeCheckerImpl     property [nested.nestedDomain] is not accessable. Skipping Priv test
97   INFO  [main]     mycluster.privilege.UserPrivilege     needed privileges: [BIKE, NeedsRight4[ColorType]DomainValue[Color]]
97   INFO  [main]     mycluster.privilege.UserPrivilege     needed privileges: [NeedsRight4[ColorType]DomainValue[Color]]
97   DEBUG [main] org.jdbcluster.domain.DomainCheckerImpl     getValidDomainEntries for Cluster [mycluster.CBicycle] and property path [colorShading]
127  INFO  [main]     mycluster.privilege.UserPrivilege     needed privileges: [GETCOLOR, BIKE]
128  INFO  [main]     mycluster.privilege.UserPrivilege     needed privileges: [BIKE, GETCOLTYPE]
129  DEBUG [main] org.jdbcluster.domain.DomainCheckerImpl     getValidDomainEntries (additional master) doing rightsIntersection for master domain id[ColorDomain] and masterValue [RED] and slaveDomainId [ColorShadingDomain] and Field [colorShading]
]]></system-out>
  <system-err><![CDATA[]]></system-err>
</testsuite>
